Application Mobile/Camera/platforms/android/app/build/outputs/logs/manifest-merger-debug-report.txt
-- Merging decision tree log ---
manifest
ADDED from src\main\AndroidManifest.xml:2:1-42:12
INJECTED from src\main\AndroidManifest.xml:2:1-42:12
INJECTED from src\main\AndroidManifest.xml:2:1-42:12
INJECTED from src\main\AndroidManifest.xml:2:1-42:12
MERGED from [:CordovaLib] AndroidManifest.xml:20:1-27:12
INJECTED from src\main\AndroidManifest.xml:2:1-42:12
INJECTED from src\main\AndroidManifest.xml:2:1-42:12
INJECTED from src\main\AndroidManifest.xml:2:1-42:12
	package
		ADDED from src\main\AndroidManifest.xml:2:102-135
		INJECTED from src\main\AndroidManifest.xml
		INJECTED from src\main\AndroidManifest.xml
	android:versionName
		ADDED from src\main\AndroidManifest.xml:2:74-101
		INJECTED from src\main\AndroidManifest.xml
		INJECTED from src\main\AndroidManifest.xml
	android:hardwareAccelerated
		ADDED from src\main\AndroidManifest.xml:2:11-45
	xmlns:android
		ADDED from src\main\AndroidManifest.xml:2:136-194
	android:versionCode
		ADDED from src\main\AndroidManifest.xml:2:46-73
		INJECTED from src\main\AndroidManifest.xml
		INJECTED from src\main\AndroidManifest.xml
supports-screens
ADDED from src\main\AndroidManifest.xml:3:5-191
	android:largeScreens
		ADDED from src\main\AndroidManifest.xml:3:49-76
	android:smallScreens
		ADDED from src\main\AndroidManifest.xml:3:132-159
	android:normalScreens
		ADDED from src\main\AndroidManifest.xml:3:77-105
	android:xlargeScreens
		ADDED from src\main\AndroidManifest.xml:3:160-188
	android:resizeable
		ADDED from src\main\AndroidManifest.xml:3:106-131
	android:anyDensity
		ADDED from src\main\AndroidManifest.xml:3:23-48
uses-permission#android.permission.INTERNET
ADDED from src\main\AndroidManifest.xml:4:5-67
	android:name
		ADDED from src\main\AndroidManifest.xml:4:22-64
application
ADDED from src\main\AndroidManifest.xml:5:5-30:19
	android:supportsRtl
		ADDED from src\main\AndroidManifest.xml:5:114-140
	android:label
		ADDED from src\main\AndroidManifest.xml:5:81-113
	android:hardwareAccelerated
		ADDED from src\main\AndroidManifest.xml:5:18-52
	android:icon
		ADDED from src\main\AndroidManifest.xml:5:53-80
activity#com.phonegap.helloworld.MainActivity
ADDED from src\main\AndroidManifest.xml:6:9-11:20
	android:label
		ADDED from src\main\AndroidManifest.xml:6:97-134
	android:launchMode
		ADDED from src\main\AndroidManifest.xml:6:135-165
	android:windowSoftInputMode
		ADDED from src\main\AndroidManifest.xml:6:257-299
	android:configChanges
		ADDED from src\main\AndroidManifest.xml:6:19-96
	android:theme
		ADDED from src\main\AndroidManifest.xml:6:194-256
	android:name
		ADDED from src\main\AndroidManifest.xml:6:166-193
intent-filter#android.intent.action.MAIN+android.intent.category.LAUNCHER
ADDED from src\main\AndroidManifest.xml:7:13-10:29
	android:label
		ADDED from src\main\AndroidManifest.xml:7:28-65
action#android.intent.action.MAIN
ADDED from src\main\AndroidManifest.xml:8:17-69
	android:name
		ADDED from src\main\AndroidManifest.xml:8:25-66
category#android.intent.category.LAUNCHER
ADDED from src\main\AndroidManifest.xml:9:17-77
	android:name
		ADDED from src\main\AndroidManifest.xml:9:27-74
activity#com.google.zxing.client.android.CaptureActivity
ADDED from src\main\AndroidManifest.xml:12:9-17:20
	android:screenOrientation
		ADDED from src\main\AndroidManifest.xml:12:191-228
	android:clearTaskOnLaunch
		ADDED from src\main\AndroidManifest.xml:12:19-51
	android:windowSoftInputMode
		ADDED from src\main\AndroidManifest.xml:12:288-335
	android:exported
		ADDED from src\main\AndroidManifest.xml:12:103-127
	android:configChanges
		ADDED from src\main\AndroidManifest.xml:12:52-102
	android:theme
		ADDED from src\main\AndroidManifest.xml:12:229-287
	android:name
		ADDED from src\main\AndroidManifest.xml:12:128-190
intent-filter#android.intent.category.DEFAULT+com.phonegap.plugins.barcodescanner.SCAN
ADDED from src\main\AndroidManifest.xml:13:13-16:29
action#com.phonegap.plugins.barcodescanner.SCAN
ADDED from src\main\AndroidManifest.xml:14:17-83
	android:name
		ADDED from src\main\AndroidManifest.xml:14:25-80
category#android.intent.category.DEFAULT
ADDED from src\main\AndroidManifest.xml:15:17-76
	android:name
		ADDED from src\main\AndroidManifest.xml:15:27-73
activity#com.google.zxing.client.android.encode.EncodeActivity
ADDED from src\main\AndroidManifest.xml:18:9-23:20
	android:label
		ADDED from src\main\AndroidManifest.xml:18:19-53
	android:name
		ADDED from src\main\AndroidManifest.xml:18:54-122
intent-filter#android.intent.category.DEFAULT+com.phonegap.plugins.barcodescanner.ENCODE
ADDED from src\main\AndroidManifest.xml:19:13-22:29
action#com.phonegap.plugins.barcodescanner.ENCODE
ADDED from src\main\AndroidManifest.xml:20:17-85
	android:name
		ADDED from src\main\AndroidManifest.xml:20:25-82
activity#com.google.zxing.client.android.HelpActivity
ADDED from src\main\AndroidManifest.xml:24:9-29:20
	android:label
		ADDED from src\main\AndroidManifest.xml:24:19-53
	android:name
		ADDED from src\main\AndroidManifest.xml:24:54-113
intent-filter#android.intent.action.VIEW+android.intent.category.DEFAULT
ADDED from src\main\AndroidManifest.xml:25:13-28:29
action#android.intent.action.VIEW
ADDED from src\main\AndroidManifest.xml:26:17-69
	android:name
		ADDED from src\main\AndroidManifest.xml:26:25-66
uses-sdk
ADDED from src\main\AndroidManifest.xml:31:5-74
INJECTED from src\main\AndroidManifest.xml:31:5-74
MERGED from [:CordovaLib] AndroidManifest.xml:25:5-44
MERGED from [:CordovaLib] AndroidManifest.xml:25:5-44
INJECTED from src\main\AndroidManifest.xml:31:5-74
	android:targetSdkVersion
		ADDED from src\main\AndroidManifest.xml:31:42-71
	android:minSdkVersion
		ADDED from src\main\AndroidManifest.xml:31:15-41
		INJECTED from src\main\AndroidManifest.xml
		INJECTED from src\main\AndroidManifest.xml
uses-permission#android.permission.CAMERA
ADDED from src\main\AndroidManifest.xml:32:5-65
	android:name
		ADDED from src\main\AndroidManifest.xml:32:22-62
uses-permission#android.permission.FLASHLIGHT
ADDED from src\main\AndroidManifest.xml:33:5-69
	android:name
		ADDED from src\main\AndroidManifest.xml:33:22-66
uses-permission#android.permission.WRITE_SETTINGS
ADDED from src\main\AndroidManifest.xml:34:5-73
	android:name
		ADDED from src\main\AndroidManifest.xml:34:22-70
uses-feature#android.hardware.camera
ADDED from src\main\AndroidManifest.xml:35:5-85
	android:required
		ADDED from src\main\AndroidManifest.xml:35:58-82
	android:name
		ADDED from src\main\AndroidManifest.xml:35:19-57
uses-permission#android.permission.WRITE_EXTERNAL_STORAGE
ADDED from src\main\AndroidManifest.xml:36:5-81
	android:name
		ADDED from src\main\AndroidManifest.xml:36:22-78
uses-permission#android.permission.READ_CONTACTS
ADDED from src\main\AndroidManifest.xml:37:5-72
	android:name
		ADDED from src\main\AndroidManifest.xml:37:22-69
uses-permission#android.permission.WRITE_CONTACTS
ADDED from src\main\AndroidManifest.xml:38:5-73
	android:name
		ADDED from src\main\AndroidManifest.xml:38:22-70
uses-permission#android.permission.GET_ACCOUNTS
ADDED from src\main\AndroidManifest.xml:39:5-71
	android:name
		ADDED from src\main\AndroidManifest.xml:39:22-68
uses-permission#android.permission.ACCESS_COARSE_LOCATION
ADDED from src\main\AndroidManifest.xml:40:5-81
	android:name
		ADDED from src\main\AndroidManifest.xml:40:22-78
uses-permission#android.permission.ACCESS_FINE_LOCATION
ADDED from src\main\AndroidManifest.xml:41:5-79
	android:name
		ADDED from src\main\AndroidManifest.xml:41:22-76